21:23:35 **** Build of configuration Debug for project CachorrosParcial ****
make all 
Building file: ../src/Cachorros.c
Invoking: GCC C Compiler
gcc -O0 -g3 -Wall -c -fmessage-length=0 -MMD -MP -MF"src/Cachorros.d" -MT"src/Cachorros.o" -o "src/Cachorros.o" "../src/Cachorros.c"
../src/Cachorros.c: In function ‘cachorro_getId’:
../src/Cachorros.c:69:6: warning: unused variable ‘retorno’ [-Wunused-variable]
  int retorno = EXIT_FAILURE;
      ^~~~~~~
Finished building: ../src/Cachorros.c
 
Building file: ../src/CachorrosParcial.c
Invoking: GCC C Compiler
gcc -O0 -g3 -Wall -c -fmessage-length=0 -MMD -MP -MF"src/CachorrosParcial.d" -MT"src/CachorrosParcial.o" -o "src/CachorrosParcial.o" "../src/CachorrosParcial.c"
../src/CachorrosParcial.c: In function ‘main’:
../src/CachorrosParcial.c:14:15: warning: implicit declaration of function ‘__fpurge’ [-Wimplicit-function-declaration]
 #define FLUSH __fpurge(stdin);
               ^
../src/CachorrosParcial.c:25:9: note: in expansion of macro ‘FLUSH’
         FLUSH;
         ^~~~~
../src/CachorrosParcial.c:30:20: warning: implicit declaration of function ‘controller_loadFromText’ [-Wimplicit-function-declaration]
                    controller_loadFromText("cachorros.csv",pListCachorro);
                    ^~~~~~~~~~~~~~~~~~~~~~~
../src/CachorrosParcial.c:34:17: warning: implicit declaration of function ‘controller_loadFromBinary’ [-Wimplicit-function-declaration]
                 controller_loadFromBinary("cachorros.bin",pListCachorro);
                 ^~~~~~~~~~~~~~~~~~~~~~~~~
../src/CachorrosParcial.c:38:17: warning: implicit declaration of function ‘controller_ListCachorro’ [-Wimplicit-function-declaration]
                 controller_ListCachorro(pListCachorro);
                 ^~~~~~~~~~~~~~~~~~~~~~~
Finished building: ../src/CachorrosParcial.c
 
Building file: ../src/Controller.c
Invoking: GCC C Compiler
gcc -O0 -g3 -Wall -c -fmessage-length=0 -MMD -MP -MF"src/Controller.d" -MT"src/Controller.o" -o "src/Controller.o" "../src/Controller.c"
../src/Controller.c: In function ‘controller_loadFromText’:
../src/Controller.c:20:4: warning: implicit declaration of function ‘parser_CachorroFromText’ [-Wimplicit-function-declaration]
    parser_CachorroFromText(pFile, pListCachorro);
    ^~~~~~~~~~~~~~~~~~~~~~~
../src/Controller.c: In function ‘controller_loadFromBinary’:
../src/Controller.c:38:5: warning: implicit declaration of function ‘parser_EmployeeFromBinary’ [-Wimplicit-function-declaration]
     parser_EmployeeFromBinary(pFile, pListCachorro);
     ^~~~~~~~~~~~~~~~~~~~~~~~~
Finished building: ../src/Controller.c
 
Building file: ../src/LinkedList.c
Invoking: GCC C Compiler
gcc -O0 -g3 -Wall -c -fmessage-length=0 -MMD -MP -MF"src/LinkedList.d" -MT"src/LinkedList.o" -o "src/LinkedList.o" "../src/LinkedList.c"
../src/LinkedList.c: In function ‘ll_add’:
../src/LinkedList.c:193:11: warning: assignment makes pointer from integer without a cast [-Wint-conversion]
   auxNode = addNode(this,length, pElement);
           ^
../src/LinkedList.c:188:8: warning: variable ‘auxNode’ set but not used [-Wunused-but-set-variable]
  Node* auxNode;
        ^~~~~~~
../src/LinkedList.c: In function ‘ll_filter’:
../src/LinkedList.c:664:9: warning: return makes pointer from integer without a cast [-Wint-conversion]
  return returnAux;
         ^~~~~~~~~
../src/LinkedList.c:657:6: warning: unused variable ‘length’ [-Wunused-variable]
  int length = ll_len(this);
      ^~~~~~
Finished building: ../src/LinkedList.c
 
Building file: ../src/parser.c
Invoking: GCC C Compiler
gcc -O0 -g3 -Wall -c -fmessage-length=0 -MMD -MP -MF"src/parser.d" -MT"src/parser.o" -o "src/parser.o" "../src/parser.c"
../src/parser.c: In function ‘parser_CachorroFromText’:
../src/parser.c:22:28: warning: implicit declaration of function ‘cachorro_newParametros’ [-Wimplicit-function-declaration]
       Cachorro* cachorro = cachorro_newParametros(var1,var2,var3,var4,var5,var6);
                            ^~~~~~~~~~~~~~~~~~~~~~
../src/parser.c:22:28: warning: initialization makes pointer from integer without a cast [-Wint-conversion]
../src/parser.c:14:6: warning: unused variable ‘pos’ [-Wunused-variable]
  int pos=0;
      ^~~
../src/parser.c: In function ‘parser_EmployeeFromBinary’:
../src/parser.c:50:14: warning: implicit declaration of function ‘cachorro_new’ [-Wimplicit-function-declaration]
   cachorro = cachorro_new();
              ^~~~~~~~~~~~
../src/parser.c:50:12: warning: assignment makes pointer from integer without a cast [-Wint-conversion]
   cachorro = cachorro_new();
            ^
Finished building: ../src/parser.c
 
Building target: CachorrosParcial
Invoking: GCC C Linker
gcc  -o "CachorrosParcial"  ./src/Cachorros.o ./src/CachorrosParcial.o ./src/Controller.o ./src/LinkedList.o ./src/parser.o   
Finished building target: CachorrosParcial
 
21:23:50 **** Incremental Build of configuration Debug for project CachorrosParcial ****
make all 
make: No se hace nada para 'all'.
21:24:35 **** Incremental Build of configuration Debug for project CachorrosParcial ****
make all 
Building file: ../src/Cachorros.c
Invoking: GCC C Compiler
gcc -O0 -g3 -Wall -c -fmessage-length=0 -MMD -MP -MF"src/Cachorros.d" -MT"src/Cachorros.o" -o "src/Cachorros.o" "../src/Cachorros.c"
../src/Cachorros.c: In function ‘cachorro_getId’:
../src/Cachorros.c:69:6: warning: unused variable ‘retorno’ [-Wunused-variable]
  int retorno = EXIT_FAILURE;
      ^~~~~~~
Finished building: ../src/Cachorros.c
 
Building target: CachorrosParcial
Invoking: GCC C Linker
gcc  -o "CachorrosParcial"  ./src/Cachorros.o ./src/CachorrosParcial.o ./src/Controller.o ./src/LinkedList.o ./src/parser.o   
Finished building target: CachorrosParcial
 
21:24:41 **** Incremental Build of configuration Debug for project CachorrosParcial ****
make all 
make: No se hace nada para 'all'.
21:26:04 **** Incremental Build of configuration Debug for project CachorrosParcial ****
make all 
Building file: ../src/Controller.c
Invoking: GCC C Compiler
gcc -O0 -g3 -Wall -c -fmessage-length=0 -MMD -MP -MF"src/Controller.d" -MT"src/Controller.o" -o "src/Controller.o" "../src/Controller.c"
../src/Controller.c: In function ‘controller_loadFromText’:
../src/Controller.c:20:4: warning: implicit declaration of function ‘parser_CachorroFromText’ [-Wimplicit-function-declaration]
    parser_CachorroFromText(pFile, pListCachorro);
    ^~~~~~~~~~~~~~~~~~~~~~~
../src/Controller.c: In function ‘controller_loadFromBinary’:
../src/Controller.c:38:5: warning: implicit declaration of function ‘parser_EmployeeFromBinary’ [-Wimplicit-function-declaration]
     parser_EmployeeFromBinary(pFile, pListCachorro);
     ^~~~~~~~~~~~~~~~~~~~~~~~~
Finished building: ../src/Controller.c
 
Building target: CachorrosParcial
Invoking: GCC C Linker
gcc  -o "CachorrosParcial"  ./src/Cachorros.o ./src/CachorrosParcial.o ./src/Controller.o ./src/LinkedList.o ./src/parser.o   
Finished building target: CachorrosParcial
 
21:26:08 **** Incremental Build of configuration Debug for project CachorrosParcial ****
make all 
make: No se hace nada para 'all'.
21:26:39 **** Incremental Build of configuration Debug for project CachorrosParcial ****
make all 
Building file: ../src/Cachorros.c
Invoking: GCC C Compiler
gcc -O0 -g3 -Wall -c -fmessage-length=0 -MMD -MP -MF"src/Cachorros.d" -MT"src/Cachorros.o" -o "src/Cachorros.o" "../src/Cachorros.c"
../src/Cachorros.c: In function ‘cachorro_getId’:
../src/Cachorros.c:69:6: warning: unused variable ‘retorno’ [-Wunused-variable]
  int retorno = EXIT_FAILURE;
      ^~~~~~~
Finished building: ../src/Cachorros.c
 
Building target: CachorrosParcial
Invoking: GCC C Linker
gcc  -o "CachorrosParcial"  ./src/Cachorros.o ./src/CachorrosParcial.o ./src/Controller.o ./src/LinkedList.o ./src/parser.o   
Finished building target: CachorrosParcial
 
21:26:42 **** Incremental Build of configuration Debug for project CachorrosParcial ****
make all 
make: No se hace nada para 'all'.
21:29:09 **** Incremental Build of configuration Debug for project CachorrosParcial ****
make all 
Building file: ../src/Controller.c
Invoking: GCC C Compiler
gcc -O0 -g3 -Wall -c -fmessage-length=0 -MMD -MP -MF"src/Controller.d" -MT"src/Controller.o" -o "src/Controller.o" "../src/Controller.c"
../src/Controller.c: In function ‘controller_loadFromText’:
../src/Controller.c:20:4: warning: implicit declaration of function ‘parser_CachorroFromText’ [-Wimplicit-function-declaration]
    parser_CachorroFromText(pFile, pListCachorro);
    ^~~~~~~~~~~~~~~~~~~~~~~
../src/Controller.c: In function ‘controller_loadFromBinary’:
../src/Controller.c:38:5: warning: implicit declaration of function ‘parser_EmployeeFromBinary’ [-Wimplicit-function-declaration]
     parser_EmployeeFromBinary(pFile, pListCachorro);
     ^~~~~~~~~~~~~~~~~~~~~~~~~
../src/Controller.c: In function ‘controller_ListCachorro’:
../src/Controller.c:67:2: warning: "/*" within comment [-Wcomment]
  /*cachorro_getNombre(cachorro,nombre);
   
../src/Controller.c:56:12: warning: unused variable ‘cachorro’ [-Wunused-variable]
  Cachorro* cachorro;
            ^~~~~~~~
../src/Controller.c:53:7: warning: unused variable ‘genero’ [-Wunused-variable]
  char genero[50];
       ^~~~~~
../src/Controller.c:52:7: warning: unused variable ‘reservado’ [-Wunused-variable]
  char reservado[50];
       ^~~~~~~~~
../src/Controller.c:51:7: warning: unused variable ‘raza’ [-Wunused-variable]
  char raza[50];
       ^~~~
../src/Controller.c:50:7: warning: unused variable ‘dias’ [-Wunused-variable]
  char dias[50];
       ^~~~
../src/Controller.c:49:7: warning: unused variable ‘nombre’ [-Wunused-variable]
  char nombre[50];
       ^~~~~~
Finished building: ../src/Controller.c
 
Building target: CachorrosParcial
Invoking: GCC C Linker
gcc  -o "CachorrosParcial"  ./src/Cachorros.o ./src/CachorrosParcial.o ./src/Controller.o ./src/LinkedList.o ./src/parser.o   
Finished building target: CachorrosParcial
 
21:29:43 **** Incremental Build of configuration Debug for project CachorrosParcial ****
make all 
Building file: ../src/Controller.c
Invoking: GCC C Compiler
gcc -O0 -g3 -Wall -c -fmessage-length=0 -MMD -MP -MF"src/Controller.d" -MT"src/Controller.o" -o "src/Controller.o" "../src/Controller.c"
../src/Controller.c: In function ‘controller_loadFromText’:
../src/Controller.c:20:4: warning: implicit declaration of function ‘parser_CachorroFromText’ [-Wimplicit-function-declaration]
    parser_CachorroFromText(pFile, pListCachorro);
    ^~~~~~~~~~~~~~~~~~~~~~~
../src/Controller.c: In function ‘controller_loadFromBinary’:
../src/Controller.c:38:5: warning: implicit declaration of function ‘parser_EmployeeFromBinary’ [-Wimplicit-function-declaration]
     parser_EmployeeFromBinary(pFile, pListCachorro);
     ^~~~~~~~~~~~~~~~~~~~~~~~~
../src/Controller.c: In function ‘controller_ListCachorro’:
../src/Controller.c:57:11: warning: unused variable ‘auxCachorro’ [-Wunused-variable]
  Cachorro auxCachorro;
           ^~~~~~~~~~~
Finished building: ../src/Controller.c
 
Building target: CachorrosParcial
Invoking: GCC C Linker
gcc  -o "CachorrosParcial"  ./src/Cachorros.o ./src/CachorrosParcial.o ./src/Controller.o ./src/LinkedList.o ./src/parser.o   
Finished building target: CachorrosParcial
 
21:29:43 **** Incremental Build of configuration Debug for project CachorrosParcial ****
make all 
make: No se hace nada para 'all'.
21:29:49 **** Incremental Build of configuration Debug for project CachorrosParcial ****
make all 
Building file: ../src/Cachorros.c
Invoking: GCC C Compiler
gcc -O0 -g3 -Wall -c -fmessage-length=0 -MMD -MP -MF"src/Cachorros.d" -MT"src/Cachorros.o" -o "src/Cachorros.o" "../src/Cachorros.c"
../src/Cachorros.c: In function ‘cachorro_getId’:
../src/Cachorros.c:69:6: warning: variable ‘retorno’ set but not used [-Wunused-but-set-variable]
  int retorno = EXIT_FAILURE;
      ^~~~~~~
Finished building: ../src/Cachorros.c
 
Building target: CachorrosParcial
Invoking: GCC C Linker
gcc  -o "CachorrosParcial"  ./src/Cachorros.o ./src/CachorrosParcial.o ./src/Controller.o ./src/LinkedList.o ./src/parser.o   
Finished building target: CachorrosParcial
 
21:29:50 **** Incremental Build of configuration Debug for project CachorrosParcial ****
make all 
make: No se hace nada para 'all'.
21:29:59 **** Incremental Build of configuration Debug for project CachorrosParcial ****
make all 
Building file: ../src/Cachorros.c
Invoking: GCC C Compiler
gcc -O0 -g3 -Wall -c -fmessage-length=0 -MMD -MP -MF"src/Cachorros.d" -MT"src/Cachorros.o" -o "src/Cachorros.o" "../src/Cachorros.c"
../src/Cachorros.c: In function ‘cachorro_getId’:
../src/Cachorros.c:69:6: warning: variable ‘retorno’ set but not used [-Wunused-but-set-variable]
  int retorno = EXIT_FAILURE;
      ^~~~~~~
Finished building: ../src/Cachorros.c
 
Building target: CachorrosParcial
Invoking: GCC C Linker
gcc  -o "CachorrosParcial"  ./src/Cachorros.o ./src/CachorrosParcial.o ./src/Controller.o ./src/LinkedList.o ./src/parser.o   
Finished building target: CachorrosParcial
 
21:30:00 **** Incremental Build of configuration Debug for project CachorrosParcial ****
make all 
make: No se hace nada para 'all'.
21:30:04 **** Incremental Build of configuration Debug for project CachorrosParcial ****
make all 
make: No se hace nada para 'all'.
21:30:52 **** Incremental Build of configuration Debug for project CachorrosParcial ****
make all 
Building file: ../src/Controller.c
Invoking: GCC C Compiler
gcc -O0 -g3 -Wall -c -fmessage-length=0 -MMD -MP -MF"src/Controller.d" -MT"src/Controller.o" -o "src/Controller.o" "../src/Controller.c"
../src/Controller.c: In function ‘controller_loadFromText’:
../src/Controller.c:20:4: warning: implicit declaration of function ‘parser_CachorroFromText’ [-Wimplicit-function-declaration]
    parser_CachorroFromText(pFile, pListCachorro);
    ^~~~~~~~~~~~~~~~~~~~~~~
../src/Controller.c: In function ‘controller_loadFromBinary’:
../src/Controller.c:38:5: warning: implicit declaration of function ‘parser_EmployeeFromBinary’ [-Wimplicit-function-declaration]
     parser_EmployeeFromBinary(pFile, pListCachorro);
     ^~~~~~~~~~~~~~~~~~~~~~~~~
../src/Controller.c: In function ‘controller_ListCachorro’:
../src/Controller.c:57:11: warning: unused variable ‘auxCachorro’ [-Wunused-variable]
  Cachorro auxCachorro;
           ^~~~~~~~~~~
../src/Controller.c:53:7: warning: unused variable ‘genero’ [-Wunused-variable]
  char genero[50];
       ^~~~~~
../src/Controller.c:52:7: warning: unused variable ‘reservado’ [-Wunused-variable]
  char reservado[50];
       ^~~~~~~~~
../src/Controller.c:51:7: warning: unused variable ‘raza’ [-Wunused-variable]
  char raza[50];
       ^~~~
../src/Controller.c:50:7: warning: unused variable ‘dias’ [-Wunused-variable]
  char dias[50];
       ^~~~
../src/Controller.c:49:7: warning: unused variable ‘nombre’ [-Wunused-variable]
  char nombre[50];
       ^~~~~~
../src/Controller.c:48:7: warning: unused variable ‘id_cachorro’ [-Wunused-variable]
  char id_cachorro[50];
       ^~~~~~~~~~~
../src/Controller.c:58:9: warning: ‘cachorro’ is used uninitialized in this function [-Wuninitialized]
  strcpy(cachorro->id_cachorro,"20");
         ^~~~~~~~
Finished building: ../src/Controller.c
 
Building target: CachorrosParcial
Invoking: GCC C Linker
gcc  -o "CachorrosParcial"  ./src/Cachorros.o ./src/CachorrosParcial.o ./src/Controller.o ./src/LinkedList.o ./src/parser.o   
Finished building target: CachorrosParcial
 
21:31:17 **** Incremental Build of configuration Debug for project CachorrosParcial ****
make all 
Building file: ../src/Controller.c
Invoking: GCC C Compiler
gcc -O0 -g3 -Wall -c -fmessage-length=0 -MMD -MP -MF"src/Controller.d" -MT"src/Controller.o" -o "src/Controller.o" "../src/Controller.c"
../src/Controller.c: In function ‘controller_loadFromText’:
../src/Controller.c:20:4: warning: implicit declaration of function ‘parser_CachorroFromText’ [-Wimplicit-function-declaration]
    parser_CachorroFromText(pFile, pListCachorro);
    ^~~~~~~~~~~~~~~~~~~~~~~
../src/Controller.c: In function ‘controller_loadFromBinary’:
../src/Controller.c:38:5: warning: implicit declaration of function ‘parser_EmployeeFromBinary’ [-Wimplicit-function-declaration]
     parser_EmployeeFromBinary(pFile, pListCachorro);
     ^~~~~~~~~~~~~~~~~~~~~~~~~
../src/Controller.c: In function ‘controller_ListCachorro’:
../src/Controller.c:57:11: warning: unused variable ‘auxCachorro’ [-Wunused-variable]
  Cachorro auxCachorro;
           ^~~~~~~~~~~
../src/Controller.c:53:7: warning: unused variable ‘genero’ [-Wunused-variable]
  char genero[50];
       ^~~~~~
../src/Controller.c:52:7: warning: unused variable ‘reservado’ [-Wunused-variable]
  char reservado[50];
       ^~~~~~~~~
../src/Controller.c:51:7: warning: unused variable ‘raza’ [-Wunused-variable]
  char raza[50];
       ^~~~
../src/Controller.c:50:7: warning: unused variable ‘dias’ [-Wunused-variable]
  char dias[50];
       ^~~~
../src/Controller.c:49:7: warning: unused variable ‘nombre’ [-Wunused-variable]
  char nombre[50];
       ^~~~~~
../src/Controller.c:58:9: warning: ‘cachorro’ is used uninitialized in this function [-Wuninitialized]
  strcpy(cachorro->id_cachorro,"20");
         ^~~~~~~~
Finished building: ../src/Controller.c
 
Building target: CachorrosParcial
Invoking: GCC C Linker
gcc  -o "CachorrosParcial"  ./src/Cachorros.o ./src/CachorrosParcial.o ./src/Controller.o ./src/LinkedList.o ./src/parser.o   
Finished building target: CachorrosParcial
 
21:31:21 **** Incremental Build of configuration Debug for project CachorrosParcial ****
make all 
make: No se hace nada para 'all'.
21:32:01 **** Incremental Build of configuration Debug for project CachorrosParcial ****
make all 
make: No se hace nada para 'all'.
21:32:26 **** Incremental Build of configuration Debug for project CachorrosParcial ****
make all 
Building file: ../src/Controller.c
Invoking: GCC C Compiler
gcc -O0 -g3 -Wall -c -fmessage-length=0 -MMD -MP -MF"src/Controller.d" -MT"src/Controller.o" -o "src/Controller.o" "../src/Controller.c"
../src/Controller.c: In function ‘controller_loadFromText’:
../src/Controller.c:20:4: warning: implicit declaration of function ‘parser_CachorroFromText’ [-Wimplicit-function-declaration]
    parser_CachorroFromText(pFile, pListCachorro);
    ^~~~~~~~~~~~~~~~~~~~~~~
../src/Controller.c: In function ‘controller_loadFromBinary’:
../src/Controller.c:38:5: warning: implicit declaration of function ‘parser_EmployeeFromBinary’ [-Wimplicit-function-declaration]
     parser_EmployeeFromBinary(pFile, pListCachorro);
     ^~~~~~~~~~~~~~~~~~~~~~~~~
../src/Controller.c: In function ‘controller_ListCachorro’:
../src/Controller.c:57:11: warning: unused variable ‘auxCachorro’ [-Wunused-variable]
  Cachorro auxCachorro;
           ^~~~~~~~~~~
../src/Controller.c:53:7: warning: unused variable ‘genero’ [-Wunused-variable]
  char genero[50];
       ^~~~~~
../src/Controller.c:52:7: warning: unused variable ‘reservado’ [-Wunused-variable]
  char reservado[50];
       ^~~~~~~~~
../src/Controller.c:51:7: warning: unused variable ‘raza’ [-Wunused-variable]
  char raza[50];
       ^~~~
../src/Controller.c:50:7: warning: unused variable ‘dias’ [-Wunused-variable]
  char dias[50];
       ^~~~
../src/Controller.c:49:7: warning: unused variable ‘nombre’ [-Wunused-variable]
  char nombre[50];
       ^~~~~~
../src/Controller.c:58:9: warning: ‘cachorro’ is used uninitialized in this function [-Wuninitialized]
  strcpy(cachorro->id_cachorro,"20");
         ^~~~~~~~
Finished building: ../src/Controller.c
 
Building target: CachorrosParcial
Invoking: GCC C Linker
gcc  -o "CachorrosParcial"  ./src/Cachorros.o ./src/CachorrosParcial.o ./src/Controller.o ./src/LinkedList.o ./src/parser.o   
Finished building target: CachorrosParcial
 
21:32:27 **** Incremental Build of configuration Debug for project CachorrosParcial ****
make all 
make: No se hace nada para 'all'.
21:32:29 **** Incremental Build of configuration Debug for project CachorrosParcial ****
make all 
make: No se hace nada para 'all'.
21:34:12 **** Incremental Build of configuration Debug for project CachorrosParcial ****
make all 
Building file: ../src/Cachorros.c
Invoking: GCC C Compiler
gcc -O0 -g3 -Wall -c -fmessage-length=0 -MMD -MP -MF"src/Cachorros.d" -MT"src/Cachorros.o" -o "src/Cachorros.o" "../src/Cachorros.c"
../src/Cachorros.c: In function ‘cachorro_getId’:
../src/Cachorros.c:69:6: warning: variable ‘retorno’ set but not used [-Wunused-but-set-variable]
  int retorno = EXIT_FAILURE;
      ^~~~~~~
Finished building: ../src/Cachorros.c
 
Building file: ../src/Controller.c
Invoking: GCC C Compiler
gcc -O0 -g3 -Wall -c -fmessage-length=0 -MMD -MP -MF"src/Controller.d" -MT"src/Controller.o" -o "src/Controller.o" "../src/Controller.c"
../src/Controller.c: In function ‘controller_loadFromText’:
../src/Controller.c:20:4: warning: implicit declaration of function ‘parser_CachorroFromText’ [-Wimplicit-function-declaration]
    parser_CachorroFromText(pFile, pListCachorro);
    ^~~~~~~~~~~~~~~~~~~~~~~
../src/Controller.c: In function ‘controller_loadFromBinary’:
../src/Controller.c:38:5: warning: implicit declaration of function ‘parser_EmployeeFromBinary’ [-Wimplicit-function-declaration]
     parser_EmployeeFromBinary(pFile, pListCachorro);
     ^~~~~~~~~~~~~~~~~~~~~~~~~
../src/Controller.c: In function ‘controller_ListCachorro’:
../src/Controller.c:56:12: warning: unused variable ‘cachorro’ [-Wunused-variable]
  Cachorro* cachorro;
            ^~~~~~~~
../src/Controller.c:53:7: warning: unused variable ‘genero’ [-Wunused-variable]
  char genero[50];
       ^~~~~~
../src/Controller.c:52:7: warning: unused variable ‘reservado’ [-Wunused-variable]
  char reservado[50];
       ^~~~~~~~~
../src/Controller.c:51:7: warning: unused variable ‘raza’ [-Wunused-variable]
  char raza[50];
       ^~~~
../src/Controller.c:50:7: warning: unused variable ‘dias’ [-Wunused-variable]
  char dias[50];
       ^~~~
../src/Controller.c:49:7: warning: unused variable ‘nombre’ [-Wunused-variable]
  char nombre[50];
       ^~~~~~
../src/Controller.c:48:7: warning: unused variable ‘id_cachorro’ [-Wunused-variable]
  char id_cachorro[50];
       ^~~~~~~~~~~
Finished building: ../src/Controller.c
 
Building target: CachorrosParcial
Invoking: GCC C Linker
gcc  -o "CachorrosParcial"  ./src/Cachorros.o ./src/CachorrosParcial.o ./src/Controller.o ./src/LinkedList.o ./src/parser.o   
Finished building target: CachorrosParcial
 
21:34:20 **** Incremental Build of configuration Debug for project CachorrosParcial ****
make all 
Building file: ../src/Controller.c
Invoking: GCC C Compiler
gcc -O0 -g3 -Wall -c -fmessage-length=0 -MMD -MP -MF"src/Controller.d" -MT"src/Controller.o" -o "src/Controller.o" "../src/Controller.c"
../src/Controller.c: In function ‘controller_loadFromText’:
../src/Controller.c:20:4: warning: implicit declaration of function ‘parser_CachorroFromText’ [-Wimplicit-function-declaration]
    parser_CachorroFromText(pFile, pListCachorro);
    ^~~~~~~~~~~~~~~~~~~~~~~
../src/Controller.c: In function ‘controller_loadFromBinary’:
../src/Controller.c:38:5: warning: implicit declaration of function ‘parser_EmployeeFromBinary’ [-Wimplicit-function-declaration]
     parser_EmployeeFromBinary(pFile, pListCachorro);
     ^~~~~~~~~~~~~~~~~~~~~~~~~
Finished building: ../src/Controller.c
 
Building target: CachorrosParcial
Invoking: GCC C Linker
gcc  -o "CachorrosParcial"  ./src/Cachorros.o ./src/CachorrosParcial.o ./src/Controller.o ./src/LinkedList.o ./src/parser.o   
Finished building target: CachorrosParcial
 
21:34:22 **** Incremental Build of configuration Debug for project CachorrosParcial ****
make all 
make: No se hace nada para 'all'.
21:35:09 **** Incremental Build of configuration Debug for project CachorrosParcial ****
make all 
Building file: ../src/Cachorros.c
Invoking: GCC C Compiler
gcc -O0 -g3 -Wall -c -fmessage-length=0 -MMD -MP -MF"src/Cachorros.d" -MT"src/Cachorros.o" -o "src/Cachorros.o" "../src/Cachorros.c"
../src/Cachorros.c: In function ‘cachorro_getId’:
../src/Cachorros.c:69:6: warning: variable ‘retorno’ set but not used [-Wunused-but-set-variable]
  int retorno = EXIT_FAILURE;
      ^~~~~~~
Finished building: ../src/Cachorros.c
 
Building target: CachorrosParcial
Invoking: GCC C Linker
gcc  -o "CachorrosParcial"  ./src/Cachorros.o ./src/CachorrosParcial.o ./src/Controller.o ./src/LinkedList.o ./src/parser.o   
Finished building target: CachorrosParcial
 
21:35:16 **** Incremental Build of configuration Debug for project CachorrosParcial ****
make all 
Building file: ../src/Cachorros.c
Invoking: GCC C Compiler
gcc -O0 -g3 -Wall -c -fmessage-length=0 -MMD -MP -MF"src/Cachorros.d" -MT"src/Cachorros.o" -o "src/Cachorros.o" "../src/Cachorros.c"
../src/Cachorros.c: In function ‘cachorro_getId’:
../src/Cachorros.c:63:6: warning: variable ‘retorno’ set but not used [-Wunused-but-set-variable]
  int retorno = EXIT_FAILURE;
      ^~~~~~~
Finished building: ../src/Cachorros.c
 
Building target: CachorrosParcial
Invoking: GCC C Linker
gcc  -o "CachorrosParcial"  ./src/Cachorros.o ./src/CachorrosParcial.o ./src/Controller.o ./src/LinkedList.o ./src/parser.o   
Finished building target: CachorrosParcial
 
21:35:17 **** Incremental Build of configuration Debug for project CachorrosParcial ****
make all 
make: No se hace nada para 'all'.
21:35:20 **** Incremental Build of configuration Debug for project CachorrosParcial ****
make all 
make: No se hace nada para 'all'.
21:36:34 **** Incremental Build of configuration Debug for project CachorrosParcial ****
make all 
Building file: ../src/Controller.c
Invoking: GCC C Compiler
gcc -O0 -g3 -Wall -c -fmessage-length=0 -MMD -MP -MF"src/Controller.d" -MT"src/Controller.o" -o "src/Controller.o" "../src/Controller.c"
../src/Controller.c: In function ‘controller_loadFromText’:
../src/Controller.c:20:4: warning: implicit declaration of function ‘parser_CachorroFromText’ [-Wimplicit-function-declaration]
    parser_CachorroFromText(pFile, pListCachorro);
    ^~~~~~~~~~~~~~~~~~~~~~~
../src/Controller.c: In function ‘controller_loadFromBinary’:
../src/Controller.c:38:5: warning: implicit declaration of function ‘parser_EmployeeFromBinary’ [-Wimplicit-function-declaration]
     parser_EmployeeFromBinary(pFile, pListCachorro);
     ^~~~~~~~~~~~~~~~~~~~~~~~~
Finished building: ../src/Controller.c
 
Building target: CachorrosParcial
Invoking: GCC C Linker
gcc  -o "CachorrosParcial"  ./src/Cachorros.o ./src/CachorrosParcial.o ./src/Controller.o ./src/LinkedList.o ./src/parser.o   
Finished building target: CachorrosParcial
 
21:36:34 **** Incremental Build of configuration Debug for project CachorrosParcial ****
make all 
make: No se hace nada para 'all'.
21:36:37 **** Incremental Build of configuration Debug for project CachorrosParcial ****
make all 
make: No se hace nada para 'all'.
21:36:57 **** Incremental Build of configuration Debug for project CachorrosParcial ****
make all 
Building file: ../src/Controller.c
Invoking: GCC C Compiler
gcc -O0 -g3 -Wall -c -fmessage-length=0 -MMD -MP -MF"src/Controller.d" -MT"src/Controller.o" -o "src/Controller.o" "../src/Controller.c"
../src/Controller.c: In function ‘controller_loadFromText’:
../src/Controller.c:20:4: warning: implicit declaration of function ‘parser_CachorroFromText’ [-Wimplicit-function-declaration]
    parser_CachorroFromText(pFile, pListCachorro);
    ^~~~~~~~~~~~~~~~~~~~~~~
../src/Controller.c: In function ‘controller_loadFromBinary’:
../src/Controller.c:38:5: warning: implicit declaration of function ‘parser_EmployeeFromBinary’ [-Wimplicit-function-declaration]
     parser_EmployeeFromBinary(pFile, pListCachorro);
     ^~~~~~~~~~~~~~~~~~~~~~~~~
../src/Controller.c: In function ‘controller_ListCachorro’:
../src/Controller.c:57:2: warning: implicit declaration of function ‘rintf’ [-Wimplicit-function-declaration]
  rintf("A %s\n",cachorro->id_cachorro);
  ^~~~~
../src/Controller.c:57:2: warning: incompatible implicit declaration of built-in function ‘rintf’
../src/Controller.c:57:2: note: include ‘<math.h>’ or provide a declaration of ‘rintf’
../src/Controller.c:57:8: error: incompatible type for argument 1 of ‘rintf’
  rintf("A %s\n",cachorro->id_cachorro);
        ^~~~~~~~
../src/Controller.c:57:8: note: expected ‘float’ but argument is of type ‘char *’
../src/Controller.c:57:2: error: too many arguments to function ‘rintf’
  rintf("A %s\n",cachorro->id_cachorro);
  ^~~~~
src/subdir.mk:30: fallo en las instrucciones para el objetivo 'src/Controller.o'
make: *** [src/Controller.o] Error 1
"make all" terminated with exit code 2. Build might be incomplete.
21:36:58 **** Incremental Build of configuration Debug for project CachorrosParcial ****
make all 
Building file: ../src/Controller.c
Invoking: GCC C Compiler
gcc -O0 -g3 -Wall -c -fmessage-length=0 -MMD -MP -MF"src/Controller.d" -MT"src/Controller.o" -o "src/Controller.o" "../src/Controller.c"
../src/Controller.c: In function ‘controller_loadFromText’:
../src/Controller.c:20:4: warning: implicit declaration of function ‘parser_CachorroFromText’ [-Wimplicit-function-declaration]
    parser_CachorroFromText(pFile, pListCachorro);
    ^~~~~~~~~~~~~~~~~~~~~~~
../src/Controller.c: In function ‘controller_loadFromBinary’:
../src/Controller.c:38:5: warning: implicit declaration of function ‘parser_EmployeeFromBinary’ [-Wimplicit-function-declaration]
     parser_EmployeeFromBinary(pFile, pListCachorro);
     ^~~~~~~~~~~~~~~~~~~~~~~~~
../src/Controller.c: In function ‘controller_ListCachorro’:
../src/Controller.c:57:2: warning: implicit declaration of function ‘rintf’ [-Wimplicit-function-declaration]
  rintf("A %s\n",cachorro->id_cachorro);
  ^~~~~
../src/Controller.c:57:2: warning: incompatible implicit declaration of built-in function ‘rintf’
../src/Controller.c:57:2: note: include ‘<math.h>’ or provide a declaration of ‘rintf’
../src/Controller.c:57:8: error: incompatible type for argument 1 of ‘rintf’
  rintf("A %s\n",cachorro->id_cachorro);
        ^~~~~~~~
../src/Controller.c:57:8: note: expected ‘float’ but argument is of type ‘char *’
../src/Controller.c:57:2: error: too many arguments to function ‘rintf’
  rintf("A %s\n",cachorro->id_cachorro);
  ^~~~~
src/subdir.mk:30: fallo en las instrucciones para el objetivo 'src/Controller.o'
make: *** [src/Controller.o] Error 1
"make all" terminated with exit code 2. Build might be incomplete.
21:37:14 **** Incremental Build of configuration Debug for project CachorrosParcial ****
make all 
Building file: ../src/Controller.c
Invoking: GCC C Compiler
gcc -O0 -g3 -Wall -c -fmessage-length=0 -MMD -MP -MF"src/Controller.d" -MT"src/Controller.o" -o "src/Controller.o" "../src/Controller.c"
../src/Controller.c: In function ‘controller_loadFromText’:
../src/Controller.c:20:4: warning: implicit declaration of function ‘parser_CachorroFromText’ [-Wimplicit-function-declaration]
    parser_CachorroFromText(pFile, pListCachorro);
    ^~~~~~~~~~~~~~~~~~~~~~~
../src/Controller.c: In function ‘controller_loadFromBinary’:
../src/Controller.c:38:5: warning: implicit declaration of function ‘parser_EmployeeFromBinary’ [-Wimplicit-function-declaration]
     parser_EmployeeFromBinary(pFile, pListCachorro);
     ^~~~~~~~~~~~~~~~~~~~~~~~~
../src/Controller.c: In function ‘controller_ListCachorro’:
../src/Controller.c:57:11: error: too few arguments to function ‘ll_get’
  cachorro=ll_get(pListCachorro);
           ^~~~~~
In file included from ../src/Controller.h:11:0,
                 from ../src/Controller.c:7:
../src/LinkedList.h:34:7: note: declared here
src/subdir.mk:30: fallo en las instrucciones para el objetivo 'src/Controller.o'
 void* ll_get(LinkedList* this, int index);
       ^~~~~~
make: *** [src/Controller.o] Error 1
"make all" terminated with exit code 2. Build might be incomplete.
21:37:15 **** Incremental Build of configuration Debug for project CachorrosParcial ****
make all 
Building file: ../src/Controller.c
Invoking: GCC C Compiler
gcc -O0 -g3 -Wall -c -fmessage-length=0 -MMD -MP -MF"src/Controller.d" -MT"src/Controller.o" -o "src/Controller.o" "../src/Controller.c"
../src/Controller.c: In function ‘controller_loadFromText’:
../src/Controller.c:20:4: warning: implicit declaration of function ‘parser_CachorroFromText’ [-Wimplicit-function-declaration]
    parser_CachorroFromText(pFile, pListCachorro);
    ^~~~~~~~~~~~~~~~~~~~~~~
../src/Controller.c: In function ‘controller_loadFromBinary’:
../src/Controller.c:38:5: warning: implicit declaration of function ‘parser_EmployeeFromBinary’ [-Wimplicit-function-declaration]
     parser_EmployeeFromBinary(pFile, pListCachorro);
     ^~~~~~~~~~~~~~~~~~~~~~~~~
../src/Controller.c: In function ‘controller_ListCachorro’:
../src/Controller.c:57:11: error: too few arguments to function ‘ll_get’
  cachorro=ll_get(pListCachorro);
           ^~~~~~
In file included from ../src/Controller.h:11:0,
                 from ../src/Controller.c:7:
../src/LinkedList.h:34:7: note: declared here
 void* ll_get(LinkedList* this, int index);
       ^~~~~~
src/subdir.mk:30: fallo en las instrucciones para el objetivo 'src/Controller.o'
make: *** [src/Controller.o] Error 1
"make all" terminated with exit code 2. Build might be incomplete.
21:37:16 **** Incremental Build of configuration Debug for project CachorrosParcial ****
make all 
Building file: ../src/Controller.c
Invoking: GCC C Compiler
gcc -O0 -g3 -Wall -c -fmessage-length=0 -MMD -MP -MF"src/Controller.d" -MT"src/Controller.o" -o "src/Controller.o" "../src/Controller.c"
../src/Controller.c: In function ‘controller_loadFromText’:
../src/Controller.c:20:4: warning: implicit declaration of function ‘parser_CachorroFromText’ [-Wimplicit-function-declaration]
    parser_CachorroFromText(pFile, pListCachorro);
    ^~~~~~~~~~~~~~~~~~~~~~~
../src/Controller.c: In function ‘controller_loadFromBinary’:
../src/Controller.c:38:5: warning: implicit declaration of function ‘parser_EmployeeFromBinary’ [-Wimplicit-function-declaration]
     parser_EmployeeFromBinary(pFile, pListCachorro);
     ^~~~~~~~~~~~~~~~~~~~~~~~~
../src/Controller.c: In function ‘controller_ListCachorro’:
../src/Controller.c:57:11: error: too few arguments to function ‘ll_get’
  cachorro=ll_get(pListCachorro);
           ^~~~~~
In file included from ../src/Controller.h:11:0,
                 from ../src/Controller.c:7:
../src/LinkedList.h:34:7: note: declared here
 void* ll_get(LinkedList* this, int index);
src/subdir.mk:30: fallo en las instrucciones para el objetivo 'src/Controller.o'
       ^~~~~~
make: *** [src/Controller.o] Error 1
"make all" terminated with exit code 2. Build might be incomplete.
21:37:23 **** Incremental Build of configuration Debug for project CachorrosParcial ****
make all 
Building file: ../src/Controller.c
Invoking: GCC C Compiler
gcc -O0 -g3 -Wall -c -fmessage-length=0 -MMD -MP -MF"src/Controller.d" -MT"src/Controller.o" -o "src/Controller.o" "../src/Controller.c"
../src/Controller.c: In function ‘controller_loadFromText’:
../src/Controller.c:20:4: warning: implicit declaration of function ‘parser_CachorroFromText’ [-Wimplicit-function-declaration]
    parser_CachorroFromText(pFile, pListCachorro);
    ^~~~~~~~~~~~~~~~~~~~~~~
../src/Controller.c: In function ‘controller_loadFromBinary’:
../src/Controller.c:38:5: warning: implicit declaration of function ‘parser_EmployeeFromBinary’ [-Wimplicit-function-declaration]
     parser_EmployeeFromBinary(pFile, pListCachorro);
     ^~~~~~~~~~~~~~~~~~~~~~~~~
Finished building: ../src/Controller.c
 
Building target: CachorrosParcial
Invoking: GCC C Linker
gcc  -o "CachorrosParcial"  ./src/Cachorros.o ./src/CachorrosParcial.o ./src/Controller.o ./src/LinkedList.o ./src/parser.o   
Finished building target: CachorrosParcial
 
21:37:25 **** Incremental Build of configuration Debug for project CachorrosParcial ****
make all 
make: No se hace nada para 'all'.
21:38:36 **** Incremental Build of configuration Debug for project CachorrosParcial ****
make all 
Building file: ../src/Controller.c
Invoking: GCC C Compiler
gcc -O0 -g3 -Wall -c -fmessage-length=0 -MMD -MP -MF"src/Controller.d" -MT"src/Controller.o" -o "src/Controller.o" "../src/Controller.c"
../src/Controller.c: In function ‘controller_loadFromText’:
../src/Controller.c:20:4: warning: implicit declaration of function ‘parser_CachorroFromText’ [-Wimplicit-function-declaration]
    parser_CachorroFromText(pFile, pListCachorro);
    ^~~~~~~~~~~~~~~~~~~~~~~
../src/Controller.c: In function ‘controller_loadFromBinary’:
../src/Controller.c:38:5: warning: implicit declaration of function ‘parser_EmployeeFromBinary’ [-Wimplicit-function-declaration]
     parser_EmployeeFromBinary(pFile, pListCachorro);
     ^~~~~~~~~~~~~~~~~~~~~~~~~
Finished building: ../src/Controller.c
 
Building target: CachorrosParcial
Invoking: GCC C Linker
gcc  -o "CachorrosParcial"  ./src/Cachorros.o ./src/CachorrosParcial.o ./src/Controller.o ./src/LinkedList.o ./src/parser.o   
Finished building target: CachorrosParcial
 
21:38:36 **** Incremental Build of configuration Debug for project CachorrosParcial ****
make all 
make: No se hace nada para 'all'.
21:38:39 **** Incremental Build of configuration Debug for project CachorrosParcial ****
make all 
make: No se hace nada para 'all'.
21:38:56 **** Incremental Build of configuration Debug for project CachorrosParcial ****
make all 
Building file: ../src/Controller.c
Invoking: GCC C Compiler
gcc -O0 -g3 -Wall -c -fmessage-length=0 -MMD -MP -MF"src/Controller.d" -MT"src/Controller.o" -o "src/Controller.o" "../src/Controller.c"
../src/Controller.c: In function ‘controller_loadFromText’:
../src/Controller.c:20:4: warning: implicit declaration of function ‘parser_CachorroFromText’ [-Wimplicit-function-declaration]
    parser_CachorroFromText(pFile, pListCachorro);
    ^~~~~~~~~~~~~~~~~~~~~~~
../src/Controller.c: In function ‘controller_loadFromBinary’:
../src/Controller.c:38:5: warning: implicit declaration of function ‘parser_EmployeeFromBinary’ [-Wimplicit-function-declaration]
     parser_EmployeeFromBinary(pFile, pListCachorro);
     ^~~~~~~~~~~~~~~~~~~~~~~~~
Finished building: ../src/Controller.c
 
Building target: CachorrosParcial
Invoking: GCC C Linker
gcc  -o "CachorrosParcial"  ./src/Cachorros.o ./src/CachorrosParcial.o ./src/Controller.o ./src/LinkedList.o ./src/parser.o   
Finished building target: CachorrosParcial
 
21:39:33 **** Incremental Build of configuration Debug for project CachorrosParcial ****
make all 
Building file: ../src/Controller.c
Invoking: GCC C Compiler
gcc -O0 -g3 -Wall -c -fmessage-length=0 -MMD -MP -MF"src/Controller.d" -MT"src/Controller.o" -o "src/Controller.o" "../src/Controller.c"
../src/Controller.c: In function ‘controller_loadFromText’:
../src/Controller.c:20:4: warning: implicit declaration of function ‘parser_CachorroFromText’ [-Wimplicit-function-declaration]
    parser_CachorroFromText(pFile, pListCachorro);
    ^~~~~~~~~~~~~~~~~~~~~~~
../src/Controller.c: In function ‘controller_loadFromBinary’:
../src/Controller.c:38:5: warning: implicit declaration of function ‘parser_EmployeeFromBinary’ [-Wimplicit-function-declaration]
     parser_EmployeeFromBinary(pFile, pListCachorro);
     ^~~~~~~~~~~~~~~~~~~~~~~~~
Finished building: ../src/Controller.c
 
Building target: CachorrosParcial
Invoking: GCC C Linker
gcc  -o "CachorrosParcial"  ./src/Cachorros.o ./src/CachorrosParcial.o ./src/Controller.o ./src/LinkedList.o ./src/parser.o   
Finished building target: CachorrosParcial
 
21:39:34 **** Incremental Build of configuration Debug for project CachorrosParcial ****
make all 
make: No se hace nada para 'all'.
21:39:37 **** Incremental Build of configuration Debug for project CachorrosParcial ****
make all 
make: No se hace nada para 'all'.
21:39:49 **** Incremental Build of configuration Debug for project CachorrosParcial ****
make all 
Building file: ../src/Controller.c
Invoking: GCC C Compiler
gcc -O0 -g3 -Wall -c -fmessage-length=0 -MMD -MP -MF"src/Controller.d" -MT"src/Controller.o" -o "src/Controller.o" "../src/Controller.c"
../src/Controller.c: In function ‘controller_loadFromText’:
../src/Controller.c:20:4: warning: implicit declaration of function ‘parser_CachorroFromText’ [-Wimplicit-function-declaration]
    parser_CachorroFromText(pFile, pListCachorro);
    ^~~~~~~~~~~~~~~~~~~~~~~
../src/Controller.c: In function ‘controller_loadFromBinary’:
../src/Controller.c:38:5: warning: implicit declaration of function ‘parser_EmployeeFromBinary’ [-Wimplicit-function-declaration]
     parser_EmployeeFromBinary(pFile, pListCachorro);
     ^~~~~~~~~~~~~~~~~~~~~~~~~
../src/Controller.c: In function ‘controller_ListCachorro’:
../src/Controller.c:53:7: warning: unused variable ‘genero’ [-Wunused-variable]
  char genero[50];
       ^~~~~~
../src/Controller.c:52:7: warning: unused variable ‘reservado’ [-Wunused-variable]
  char reservado[50];
       ^~~~~~~~~
../src/Controller.c:51:7: warning: unused variable ‘raza’ [-Wunused-variable]
  char raza[50];
       ^~~~
../src/Controller.c:50:7: warning: unused variable ‘dias’ [-Wunused-variable]
  char dias[50];
       ^~~~
../src/Controller.c:49:7: warning: unused variable ‘nombre’ [-Wunused-variable]
  char nombre[50];
       ^~~~~~
../src/Controller.c:48:7: warning: unused variable ‘id_cachorro’ [-Wunused-variable]
  char id_cachorro[50];
       ^~~~~~~~~~~
Finished building: ../src/Controller.c
 
Building target: CachorrosParcial
Invoking: GCC C Linker
gcc  -o "CachorrosParcial"  ./src/Cachorros.o ./src/CachorrosParcial.o ./src/Controller.o ./src/LinkedList.o ./src/parser.o   
Finished building target: CachorrosParcial
 
21:40:05 **** Incremental Build of configuration Debug for project CachorrosParcial ****
make all 
Building file: ../src/Controller.c
Invoking: GCC C Compiler
gcc -O0 -g3 -Wall -c -fmessage-length=0 -MMD -MP -MF"src/Controller.d" -MT"src/Controller.o" -o "src/Controller.o" "../src/Controller.c"
../src/Controller.c: In function ‘controller_loadFromText’:
../src/Controller.c:20:4: warning: implicit declaration of function ‘parser_CachorroFromText’ [-Wimplicit-function-declaration]
    parser_CachorroFromText(pFile, pListCachorro);
    ^~~~~~~~~~~~~~~~~~~~~~~
../src/Controller.c: In function ‘controller_loadFromBinary’:
../src/Controller.c:38:5: warning: implicit declaration of function ‘parser_EmployeeFromBinary’ [-Wimplicit-function-declaration]
     parser_EmployeeFromBinary(pFile, pListCachorro);
     ^~~~~~~~~~~~~~~~~~~~~~~~~
../src/Controller.c: In function ‘controller_ListCachorro’:
../src/Controller.c:53:7: warning: unused variable ‘genero’ [-Wunused-variable]
  char genero[50];
       ^~~~~~
../src/Controller.c:52:7: warning: unused variable ‘reservado’ [-Wunused-variable]
  char reservado[50];
       ^~~~~~~~~
../src/Controller.c:51:7: warning: unused variable ‘raza’ [-Wunused-variable]
  char raza[50];
       ^~~~
../src/Controller.c:50:7: warning: unused variable ‘dias’ [-Wunused-variable]
  char dias[50];
       ^~~~
../src/Controller.c:49:7: warning: unused variable ‘nombre’ [-Wunused-variable]
  char nombre[50];
       ^~~~~~
../src/Controller.c:48:7: warning: unused variable ‘id_cachorro’ [-Wunused-variable]
  char id_cachorro[50];
       ^~~~~~~~~~~
../src/Controller.c:59:21: warning: ‘cachorro’ is used uninitialized in this function [-Wuninitialized]
  printf("AAAA %s\n",cachorro->id_cachorro);
                     ^~~~~~~~
Finished building: ../src/Controller.c
 
Building target: CachorrosParcial
Invoking: GCC C Linker
gcc  -o "CachorrosParcial"  ./src/Cachorros.o ./src/CachorrosParcial.o ./src/Controller.o ./src/LinkedList.o ./src/parser.o   
Finished building target: CachorrosParcial
 
21:40:34 **** Incremental Build of configuration Debug for project CachorrosParcial ****
make all 
Building file: ../src/Controller.c
Invoking: GCC C Compiler
gcc -O0 -g3 -Wall -c -fmessage-length=0 -MMD -MP -MF"src/Controller.d" -MT"src/Controller.o" -o "src/Controller.o" "../src/Controller.c"
../src/Controller.c: In function ‘controller_loadFromText’:
../src/Controller.c:20:4: warning: implicit declaration of function ‘parser_CachorroFromText’ [-Wimplicit-function-declaration]
    parser_CachorroFromText(pFile, pListCachorro);
    ^~~~~~~~~~~~~~~~~~~~~~~
../src/Controller.c: In function ‘controller_loadFromBinary’:
../src/Controller.c:38:5: warning: implicit declaration of function ‘parser_EmployeeFromBinary’ [-Wimplicit-function-declaration]
     parser_EmployeeFromBinary(pFile, pListCachorro);
     ^~~~~~~~~~~~~~~~~~~~~~~~~
../src/Controller.c: In function ‘controller_ListCachorro’:
../src/Controller.c:53:7: warning: unused variable ‘genero’ [-Wunused-variable]
  char genero[50];
       ^~~~~~
../src/Controller.c:52:7: warning: unused variable ‘reservado’ [-Wunused-variable]
  char reservado[50];
       ^~~~~~~~~
../src/Controller.c:51:7: warning: unused variable ‘raza’ [-Wunused-variable]
  char raza[50];
       ^~~~
../src/Controller.c:50:7: warning: unused variable ‘dias’ [-Wunused-variable]
  char dias[50];
       ^~~~
../src/Controller.c:49:7: warning: unused variable ‘nombre’ [-Wunused-variable]
  char nombre[50];
       ^~~~~~
../src/Controller.c:48:7: warning: unused variable ‘id_cachorro’ [-Wunused-variable]
  char id_cachorro[50];
       ^~~~~~~~~~~
Finished building: ../src/Controller.c
 
Building target: CachorrosParcial
Invoking: GCC C Linker
gcc  -o "CachorrosParcial"  ./src/Cachorros.o ./src/CachorrosParcial.o ./src/Controller.o ./src/LinkedList.o ./src/parser.o   
Finished building target: CachorrosParcial
 
21:40:34 **** Incremental Build of configuration Debug for project CachorrosParcial ****
make all 
make: No se hace nada para 'all'.
21:40:38 **** Incremental Build of configuration Debug for project CachorrosParcial ****
make all 
make: No se hace nada para 'all'.
